
2025-04-06 05:32:27,486 - INFO - ==== Amazon ASIN Tracker 実行開始 ====
2025-04-06 05:32:27,487 - INFO - 実行時刻: 2025-04-06 05:32:27
2025-04-06 05:32:27,487 - INFO - 環境変数を読み込みました
2025-04-06 05:32:27,487 - INFO - Amazon PA-API認証情報チェック:
2025-04-06 05:32:27,487 - INFO -   PA_API_KEY: 設定済み
2025-04-06 05:32:27,487 - INFO -   PA_API_SECRET: 設定済み
2025-04-06 05:32:27,487 - INFO -   PARTNER_TAG: 設定済み
2025-04-06 05:32:27,487 - INFO -   PA-API利用準備: OK
2025-04-06 05:32:27,487 - INFO - Twitter API認証情報チェック:
2025-04-06 05:32:27,487 - INFO -   Twitter API利用準備: OK
2025-04-06 05:32:27,487 - INFO - Threads API認証情報チェック:
2025-04-06 05:32:27,487 - INFO -   Threads API利用準備: OK
2025-04-06 05:32:27,487 - INFO - 必要なファイルの確認:
2025-04-06 05:32:27,488 - INFO -   tracking_asins.json: 存在します
2025-04-06 05:32:27,488 - INFO -   asin_results.json: 存在します
2025-04-06 05:32:27,489 - INFO - 最小割引率: 5%
2025-04-06 05:32:27,489 - INFO - 追跡ASIN数: 73
2025-04-06 05:32:27,491 - INFO - 商品情報取得中... ASIN: B0BSN426TP, B0DYS9QRGT, B0DX6FT5MM, B0DT6SN14V, B0DXNFMZWJ, B0DT6RMFLK, B0DN63QJ4V, B0DTY4H1CB, B0DQGB8FTQ, B0BSLJ52ZF
2025-04-06 05:32:33,973 - INFO - 商品情報取得中... ASIN: B0DTJFZ4YS, B0DVSLLCDH, B0DT9YQ2Q1, B0BSN9VR7K, B0DVSMG4Z2, B0DN5HJ1ZF, B0DN5SQJSC, B0DYMVWMX4, B0DGJBMY85, B0DXVJLW28
2025-04-06 05:32:40,320 - INFO - 商品情報取得中... ASIN: B0DXTZLS9C, B0DGJ3QSGC, B0DZ62D3MP, B0DGHYJRSB, B0DGJ8MR3X, B0DGHYNDT7, B0DGHVX1PD, B0DGHYNDT9, B0DGJ8RK9X, B0DGJ6B4MS
2025-04-06 05:32:46,583 - INFO - 商品情報取得中... ASIN: B0DGJ8XY8J, B0DGJC8DP9, B0DZ619GJ8, B0DRPQPQQC, B0DZBXKDJV, B0DRPRZMK2, B0DXS47DPV, B0DX7GSX7B, B0DGJ8DP89, B0DGJ6BK8C
2025-04-06 05:32:52,784 - INFO - 商品情報取得中... ASIN: B0DGJ5ZGXT, B0DGJD1P8Q, B0DGJCZDX1, B0DGJBMMCV, B0DZBRCV9G, B0DYSFPXF6, B0DGJBY82G, B0CWCTSC1M, B0DXRXWJ3Z, B0DXSHNYGW
2025-04-06 05:32:59,083 - INFO - 商品情報取得中... ASIN: B0DZBP4NMT, B0DXSF1BXJ, B0DXRH32TF, B0DTHQ428K, B0DTHR5JDB, B0DJ2DJHJ7, B01C3SCKI6, B0DYSH7P7K, B0D7Z4541Q, B0DMZX1QFL
2025-04-06 05:33:05,416 - INFO - 商品情報取得中... ASIN: B0DZXC4BB3, B0DYSPNZXF, B0DVFML7T3, B0B1DJB527, B0CXD5Y18N, B0DVFX1Y56, B0DVG8G5VN, B0DVG2WC4V, B0D46M9DHD, B0842WLDHW
2025-04-06 05:33:11,633 - INFO - 商品情報取得中... ASIN: B07D2DVX6D, B07D2H99P5, B0DZWSVB5F
2025-04-06 05:33:14,802 - INFO - Amazon以外の販売元のため対象外: MSI GeForce RTX 5090 32G SUPRI... (B0BSN426TP) - 販売元: オンラインショップEVERYTHING
2025-04-06 05:33:14,803 - INFO - Amazon以外の販売元のため対象外: ASUS NVIDIA GeForce RTX 5070Ti... (B0DX6FT5MM) - 販売元: MDCY STORE（すり替え対策・古物商認可・適格請求書発行事業）
2025-04-06 05:33:14,803 - INFO - Amazon以外の販売元のため対象外: MSI GeForce RTX 5090 32G SUPRI... (B0DT6SN14V) - 販売元: 不明
2025-04-06 05:33:14,803 - INFO - Amazon以外の販売元のため対象外: ASUS NVIDIA GeForce RTX 5090 ビ... (B0DXNFMZWJ) - 販売元: yosifukushop
2025-04-06 05:33:14,803 - INFO - Amazon以外の販売元のため対象外: MSI GeForce RTX 5090 32G VANGU... (B0DT6RMFLK) - 販売元: 久我山商店
2025-04-06 05:33:14,803 - INFO - Amazon以外の販売元のため対象外: ASUS NVIDIA GeForce RTX 5080 ビ... (B0DN63QJ4V) - 販売元: ◎Thank U store
2025-04-06 05:33:14,803 - INFO - Amazon以外の販売元のため対象外: ASUS NVIDIA GeForce RTX 5080 ビ... (B0DTY4H1CB) - 販売元: でんでんマーケット(インボイス登録済)
2025-04-06 05:33:14,803 - INFO - Amazon以外の販売元のため対象外: MSI GeForce RTX 5080 16G GAMIN... (B0DQGB8FTQ) - 販売元: TOYストア【インボイス番号登録済み】
2025-04-06 05:33:14,803 - INFO - Amazon以外の販売元のため対象外: Gigabyte AORUS GeForce RTX 508... (B0DT9YQ2Q1) - 販売元: Value Market Tokyo
2025-04-06 05:33:14,803 - INFO - Amazon以外の販売元のため対象外: MSI GeForce RTX 5080 16G VENTU... (B0BSN9VR7K) - 販売元: B&T(国内発送,すり替え対策済,English OK)
2025-04-06 05:33:14,803 - INFO - Amazon以外の販売元のため対象外: ZOTAC GAMING GeForce RTX 5080 ... (B0DYMVWMX4) - 販売元: すーショップ
2025-04-06 05:33:14,803 - INFO - Amazon以外の販売元のため対象外: GIGABYTE NVIDIA RTX5070Ti 搭載 グ... (B0DXVJLW28) - 販売元: yosifukushop
2025-04-06 05:33:14,803 - INFO - Amazon以外の販売元のため対象外: ZOTAC GAMING GeForce RTX 5070 ... (B0DXTZLS9C) - 販売元: 富岡商事
2025-04-06 05:33:14,803 - INFO - Amazon以外の販売元のため対象外: Apple iPhone 16 (512 GB) - ホワイ... (B0DGHYJRSB) - 販売元: 不明
2025-04-06 05:33:14,804 - INFO - Amazon以外の販売元のため対象外: Apple iPhone 16 (512 GB) - ブラッ... (B0DGHYNDT7) - 販売元: 不明
2025-04-06 05:33:14,804 - INFO - Amazon以外の販売元のため対象外: Apple iPhone 16 Pro (128 GB) -... (B0DGJ8XY8J) - 販売元: 不明
2025-04-06 05:33:14,804 - INFO - Amazon以外の販売元のため対象外: SAPPHIRE NITRO+ Radeon RX 9070... (B0DRPQPQQC) - 販売元: trippodoshop
2025-04-06 05:33:14,804 - INFO - Amazon以外の販売元のため対象外: ASUS AMD Radeon RX9070XT 搭載 ビデ... (B0DZBXKDJV) - 販売元: B&T(国内発送,すり替え対策済,English OK)
2025-04-06 05:33:14,804 - INFO - Amazon以外の販売元のため対象外: SAPPHIRE PULSE Radeon RX 9070 ... (B0DRPRZMK2) - 販売元: B&T(国内発送,すり替え対策済,English OK)
2025-04-06 05:33:14,804 - INFO - Amazon以外の販売元のため対象外: ASUS AMD Radeon RX9070 搭載 ビデオカ... (B0DZBRCV9G) - 販売元: yosifukushop
2025-04-06 05:33:14,804 - INFO - Amazon以外の販売元のため対象外: Powercolor Radeon RX9070 搭載 グラ... (B0CWCTSC1M) - 販売元: 天満市場ECモール本店（インボイス対応済み）
2025-04-06 05:33:14,804 - INFO - Amazon以外の販売元のため対象外: SAPPHIRE PULSE Radeon RX 9070 ... (B0DZBP4NMT) - 販売元: B&T(国内発送,すり替え対策済,English OK)
2025-04-06 05:33:14,804 - INFO - Amazon以外の販売元のため対象外: PlayStation 5 "モンスターハンターワイルズ" ... (B0DTHQ428K) - 販売元: Online Store COMACHI
2025-04-06 05:33:14,804 - INFO - Amazon以外の販売元のため対象外: PlayStation 5 デジタル・エディション "モンス... (B0DTHR5JDB) - 販売元: ナンモ店
2025-04-06 05:33:14,804 - INFO - Amazon以外の販売元のため対象外: TAMASHII NATIONS METAL BUILD 機... (B0DJ2DJHJ7) - 販売元: ハグ・ベア【盗難多発の為、置配対応不可】【※抜取、すり替え対策実施中！】
2025-04-06 05:33:14,804 - INFO - Amazon以外の販売元のため対象外: TAMASHII NATIONS Tamashii Art ... (B0DYSH7P7K) - 販売元: first step ts
2025-04-06 05:33:14,804 - INFO - Amazon以外の販売元のため対象外: 富士フイルム(FUJIFILM) インスタントカメラ チェキ... (B0D7Z4541Q) - 販売元: hit-market  あなたの欲しいにヒットする
2025-04-06 05:33:14,804 - INFO - Amazon以外の販売元のため対象外: TAMASHII NATIONS METAL ROBOT魂 ... (B0DMZX1QFL) - 販売元: ホビーショップまるさんかくしかく
2025-04-06 05:33:14,804 - INFO - Amazon以外の販売元のため対象外: 【任天堂純正品】ニンテンドーサウンドクロック Alarmo ... (B0DZXC4BB3) - 販売元: SHOW’S SHOP
2025-04-06 05:33:14,804 - INFO - Amazon以外の販売元のため対象外: TAMASHII NATIONS S.H.フィギュアーツ（真... (B0DYSPNZXF) - 販売元: 翠星商店
2025-04-06 05:33:14,804 - INFO - Amazon以外の販売元のため対象外: [バンダイ(BANDAI)] Tamagotchi Conn... (B0DVFML7T3) - 販売元: 太陽コーポレーション《12時までの注文で当日出荷。自己都合返品は往復送料を頂きます。》
2025-04-06 05:33:14,804 - INFO - Amazon以外の販売元のため対象外: Google グーグル GA01919-JP [Chrome... (B0B1DJB527) - 販売元: Westfield.shop
2025-04-06 05:33:14,804 - INFO - Amazon以外の販売元のため対象外: ポケモンカードゲーム スカーレット＆バイオレット 拡張パック... (B0CXD5Y18N) - 販売元: lollol公式ショップ 商標番号 第6483883号 適格請求書番号あり
2025-04-06 05:33:14,804 - INFO - Amazon以外の販売元のため対象外: [バンダイ(BANDAI)] Tamagotchi Conn... (B0DVFX1Y56) - 販売元: ギフト.
2025-04-06 05:33:14,805 - INFO - Amazon以外の販売元のため対象外: [バンダイ(BANDAI)] Tamagotchi Conn... (B0DVG8G5VN) - 販売元: トイスタジアム（土日祝日はお休みです/プライム商品は毎営業日発送可能!!）
2025-04-06 05:33:14,805 - INFO - Amazon以外の販売元のため対象外: [バンダイ(BANDAI)] Tamagotchi Conn... (B0DVG2WC4V) - 販売元: Ksプレゼント【適格請求書発行事業者】
2025-04-06 05:33:14,805 - INFO - Amazon以外の販売元のため対象外: バンダイ (BANDAI) ONE PIECEカードゲーム ... (B0D46M9DHD) - 販売元: SHOP-TOTO
2025-04-06 05:33:14,805 - INFO - Amazon以外の販売元のため対象外: 竹鶴ピュアモルト [ ウイスキー 日本 700ml ]... (B0842WLDHW) - 販売元: 洋酒専門店 サケコレ
2025-04-06 05:33:14,805 - INFO - Amazon以外の販売元のため対象外: 富士フイルム(FUJIFILM) インスタントカメラ チェキ... (B07D2H99P5) - 販売元: イアサ総合物販
2025-04-06 05:33:14,805 - INFO - Amazon以外の販売元のため対象外: MSI GeForce RTX 5070 12G VENTU... (B0DZWSVB5F) - 販売元: 【当日出荷】14時決済完了分（日除く）【販売一丁目】
2025-04-06 05:33:14,805 - INFO - Amazonが販売する商品のみに絞り込み: 2件
2025-04-06 05:33:14,807 - INFO - 検索結果を asin_results.json に保存しました
2025-04-06 05:33:14,807 - INFO - 新しい入荷商品や割引商品は見つかりませんでした
2025-04-06 05:46:38,355 - INFO - ==== Amazon ASIN Tracker 実行開始 ====
2025-04-06 05:46:38,355 - INFO - 実行時刻: 2025-04-06 05:46:38
2025-04-06 05:46:38,355 - INFO - 環境変数を読み込みました
2025-04-06 05:46:38,355 - INFO - Amazon PA-API認証情報チェック:
2025-04-06 05:46:38,355 - INFO -   PA_API_KEY: 設定済み
2025-04-06 05:46:38,355 - INFO -   PA_API_SECRET: 設定済み
2025-04-06 05:46:38,355 - INFO -   PARTNER_TAG: 設定済み
2025-04-06 05:46:38,355 - INFO -   PA-API利用準備: OK
2025-04-06 05:46:38,355 - INFO - Twitter API認証情報チェック:
2025-04-06 05:46:38,355 - INFO -   Twitter API利用準備: OK
2025-04-06 05:46:38,355 - INFO - Threads API認証情報チェック:
2025-04-06 05:46:38,355 - INFO -   Threads API利用準備: OK
2025-04-06 05:46:38,356 - INFO - 必要なファイルの確認:
2025-04-06 05:46:38,356 - INFO -   tracking_asins.json: 存在します
2025-04-06 05:46:38,356 - INFO -   asin_results.json: 存在します
2025-04-06 05:46:38,357 - ERROR - 予期しないエラーが発生しました: name 'load_asin_list' is not defined
Traceback (most recent call last):
  File "/home/runner/work/amazon-asin-tracker/amazon-asin-tracker/amazon_asin_tracker.py", line 169, in main
    config = load_asin_list()
NameError: name 'load_asin_list' is not defined
2025-04-06 05:49:19,420 - INFO - ==== Amazon ASIN Tracker 実行開始 ====
2025-04-06 05:49:19,420 - INFO - 実行時刻: 2025-04-06 05:49:19
2025-04-06 05:49:19,421 - INFO - 環境変数を読み込みました
2025-04-06 05:49:19,421 - INFO - Amazon PA-API認証情報チェック:
2025-04-06 05:49:19,421 - INFO -   PA_API_KEY: 設定済み
2025-04-06 05:49:19,421 - INFO -   PA_API_SECRET: 設定済み
2025-04-06 05:49:19,421 - INFO -   PARTNER_TAG: 設定済み
2025-04-06 05:49:19,421 - INFO -   PA-API利用準備: OK
2025-04-06 05:49:19,421 - INFO - Twitter API認証情報チェック:
2025-04-06 05:49:19,421 - INFO -   Twitter API利用準備: OK
2025-04-06 05:49:19,421 - INFO - Threads API認証情報チェック:
2025-04-06 05:49:19,421 - INFO -   Threads API利用準備: OK
2025-04-06 05:49:19,421 - INFO - 必要なファイルの確認:
2025-04-06 05:49:19,421 - INFO -   tracking_asins.json: 存在します
2025-04-06 05:49:19,421 - INFO -   asin_results.json: 存在します
2025-04-06 05:50:25,727 - INFO - ==== Amazon ASIN Tracker 実行開始 ====
2025-04-06 05:50:25,727 - INFO - 実行時刻: 2025-04-06 05:50:25
2025-04-06 05:50:25,727 - INFO - 環境変数を読み込みました
2025-04-06 05:50:25,728 - INFO - Amazon PA-API認証情報チェック:
2025-04-06 05:50:25,728 - INFO -   PA_API_KEY: 設定済み
2025-04-06 05:50:25,728 - INFO -   PA_API_SECRET: 設定済み
2025-04-06 05:50:25,728 - INFO -   PARTNER_TAG: 設定済み
2025-04-06 05:50:25,728 - INFO -   PA-API利用準備: OK
2025-04-06 05:50:25,728 - INFO - Twitter API認証情報チェック:
2025-04-06 05:50:25,728 - INFO -   Twitter API利用準備: OK
2025-04-06 05:50:25,728 - INFO - Threads API認証情報チェック:
2025-04-06 05:50:25,728 - INFO -   Threads API利用準備: OK
2025-04-06 05:50:25,728 - INFO - 必要なファイルの確認:
2025-04-06 05:50:25,728 - INFO -   tracking_asins.json: 存在します
2025-04-06 05:50:25,728 - INFO -   asin_results.json: 存在します
2025-04-06 05:57:40,938 - INFO - ==== Amazon ASIN Tracker 実行開始 ====
2025-04-06 05:57:40,939 - INFO - 実行時刻: 2025-04-06 05:57:40
2025-04-06 05:57:40,939 - INFO - 環境変数を読み込みました
2025-04-06 05:57:40,939 - INFO - Amazon PA-API認証情報チェック:
2025-04-06 05:57:40,939 - INFO -   PA_API_KEY: 設定済み
2025-04-06 05:57:40,939 - INFO -   PA_API_SECRET: 設定済み
2025-04-06 05:57:40,939 - INFO -   PARTNER_TAG: 設定済み
2025-04-06 05:57:40,939 - INFO -   PA-API利用準備: OK
2025-04-06 05:57:40,939 - INFO - Twitter API認証情報チェック:
2025-04-06 05:57:40,939 - INFO -   Twitter API利用準備: OK
2025-04-06 05:57:40,939 - INFO - Threads API認証情報チェック:
2025-04-06 05:57:40,939 - INFO -   Threads API利用準備: OK
2025-04-06 05:57:40,939 - INFO - 必要なファイルの確認:
2025-04-06 05:57:40,939 - INFO -   tracking_asins.json: 存在します
2025-04-06 05:57:40,940 - INFO -   asin_results.json: 存在します
2025-04-06 06:05:07,198 - INFO - ==== Amazon ASIN Tracker 実行開始 ====
2025-04-06 06:05:07,198 - INFO - 実行時刻: 2025-04-06 06:05:07
2025-04-06 06:05:07,198 - INFO - 環境変数を読み込みました
2025-04-06 06:05:07,198 - INFO - Amazon PA-API認証情報チェック:
2025-04-06 06:05:07,199 - INFO -   PA_API_KEY: 設定済み
2025-04-06 06:05:07,199 - INFO -   PA_API_SECRET: 設定済み
2025-04-06 06:05:07,199 - INFO -   PARTNER_TAG: 設定済み
2025-04-06 06:05:07,199 - INFO -   PA-API利用準備: OK
2025-04-06 06:05:07,199 - INFO - Twitter API認証情報チェック:
2025-04-06 06:05:07,199 - INFO -   Twitter API利用準備: OK
2025-04-06 06:05:07,199 - INFO - Threads API認証情報チェック:
2025-04-06 06:05:07,199 - INFO -   Threads API利用準備: OK
2025-04-06 06:05:07,199 - INFO - 必要なファイルの確認:
2025-04-06 06:05:07,199 - INFO -   tracking_asins.json: 存在します
2025-04-06 06:05:07,199 - INFO -   asin_results.json: 存在します
2025-04-06 06:05:07,200 - INFO - 最小割引率: 5%
2025-04-06 06:05:07,200 - INFO - 追跡ASIN数: 73
2025-04-06 06:05:07,200 - INFO - 商品情報取得中... ASIN: B0BSN426TP, B0DYS9QRGT, B0DX6FT5MM, B0DT6SN14V, B0DXNFMZWJ, B0DT6RMFLK, B0DN63QJ4V, B0DTY4H1CB, B0DQGB8FTQ, B0BSLJ52ZF
2025-04-06 06:05:13,741 - INFO - 商品情報取得中... ASIN: B0DTJFZ4YS, B0DVSLLCDH, B0DT9YQ2Q1, B0BSN9VR7K, B0DVSMG4Z2, B0DN5HJ1ZF, B0DN5SQJSC, B0DYMVWMX4, B0DGJBMY85, B0DXVJLW28
2025-04-06 06:05:20,225 - INFO - 商品情報取得中... ASIN: B0DXTZLS9C, B0DGJ3QSGC, B0DZ62D3MP, B0DGHYJRSB, B0DGJ8MR3X, B0DGHYNDT7, B0DGHVX1PD, B0DGHYNDT9, B0DGJ8RK9X, B0DGJ6B4MS
2025-04-06 06:05:26,721 - INFO - 商品情報取得中... ASIN: B0DGJ8XY8J, B0DGJC8DP9, B0DZ619GJ8, B0DRPQPQQC, B0DZBXKDJV, B0DRPRZMK2, B0DXS47DPV, B0DX7GSX7B, B0DGJ8DP89, B0DGJ6BK8C
2025-04-06 06:05:33,114 - INFO - 商品情報取得中... ASIN: B0DGJ5ZGXT, B0DGJD1P8Q, B0DGJCZDX1, B0DGJBMMCV, B0DZBRCV9G, B0DYSFPXF6, B0DGJBY82G, B0CWCTSC1M, B0DXRXWJ3Z, B0DXSHNYGW
2025-04-06 06:05:39,526 - INFO - 商品情報取得中... ASIN: B0DZBP4NMT, B0DXSF1BXJ, B0DXRH32TF, B0DTHQ428K, B0DTHR5JDB, B0DJ2DJHJ7, B01C3SCKI6, B0DYSH7P7K, B0D7Z4541Q, B0DMZX1QFL
2025-04-06 06:05:45,939 - INFO - 商品情報取得中... ASIN: B0DZXC4BB3, B0DYSPNZXF, B0DVFML7T3, B0B1DJB527, B0CXD5Y18N, B0DVFX1Y56, B0DVG8G5VN, B0DVG2WC4V, B0D46M9DHD, B0842WLDHW
2025-04-06 06:05:52,355 - INFO - 商品情報取得中... ASIN: B07D2DVX6D, B07D2H99P5, B0DZWSVB5F
2025-04-06 06:05:55,906 - INFO - Amazon以外の販売元のため対象外: MSI GeForce RTX 5090 32G SUPRI... (B0BSN426TP) - 販売元: B&T(国内発送,すり替え対策済,English OK)
2025-04-06 06:05:55,906 - INFO - Amazon在庫あり: GAINWARD RTX 5070 PHOENIX 12GB... (B0DYS9QRGT)
2025-04-06 06:05:55,906 - INFO - Amazon以外の販売元のため対象外: ASUS NVIDIA GeForce RTX 5070Ti... (B0DX6FT5MM) - 販売元: MDCY STORE（すり替え対策・古物商認可・適格請求書発行事業）
2025-04-06 06:05:55,906 - INFO - Amazon以外の販売元のため対象外: MSI GeForce RTX 5090 32G SUPRI... (B0DT6SN14V) - 販売元: 不明
2025-04-06 06:05:55,906 - INFO - Amazon以外の販売元のため対象外: ASUS NVIDIA GeForce RTX 5090 ビ... (B0DXNFMZWJ) - 販売元: yosifukushop
2025-04-06 06:05:55,906 - INFO - Amazon以外の販売元のため対象外: MSI GeForce RTX 5090 32G VANGU... (B0DT6RMFLK) - 販売元: 久我山商店
2025-04-06 06:05:55,906 - INFO - Amazon以外の販売元のため対象外: ASUS NVIDIA GeForce RTX 5080 ビ... (B0DN63QJ4V) - 販売元: B&T(国内発送,すり替え対策済,English OK)
2025-04-06 06:05:55,906 - INFO - Amazon以外の販売元のため対象外: ASUS NVIDIA GeForce RTX 5080 ビ... (B0DTY4H1CB) - 販売元: でんでんマーケット(インボイス登録済)
2025-04-06 06:05:55,906 - INFO - Amazon以外の販売元のため対象外: MSI GeForce RTX 5080 16G GAMIN... (B0DQGB8FTQ) - 販売元: TOYストア【インボイス番号登録済み】
2025-04-06 06:05:55,906 - INFO - Amazon在庫あり: MSI GeForce RTX 5080 16G VANGU... (B0BSLJ52ZF)
2025-04-06 06:05:55,906 - INFO - Amazon在庫あり: PNY GeFORCE RTX 5080 16GB Over... (B0DTJFZ4YS)
2025-04-06 06:05:55,906 - INFO - Amazon在庫あり: GIGABYTE NVIDIA RTX5080 搭載 グラフ... (B0DVSLLCDH)
2025-04-06 06:05:55,906 - INFO - Amazon以外の販売元のため対象外: Gigabyte AORUS GeForce RTX 508... (B0DT9YQ2Q1) - 販売元: Value Market Tokyo
2025-04-06 06:05:55,906 - INFO - Amazon以外の販売元のため対象外: MSI GeForce RTX 5080 16G VENTU... (B0BSN9VR7K) - 販売元: B&T(国内発送,すり替え対策済,English OK)
2025-04-06 06:05:55,907 - INFO - Amazon在庫あり: GIGABYTE NVIDIA RTX5080 搭載 グラフ... (B0DVSMG4Z2)
2025-04-06 06:05:55,907 - INFO - Amazon在庫あり: Apple iPhone 16 Pro Max (512 G... (B0DN5HJ1ZF)
2025-04-06 06:05:55,907 - INFO - Amazon在庫あり: Apple iPhone 16 Pro Max (512 G... (B0DN5SQJSC)
2025-04-06 06:05:55,907 - INFO - Amazon以外の販売元のため対象外: ZOTAC GAMING GeForce RTX 5080 ... (B0DYMVWMX4) - 販売元: すーショップ
2025-04-06 06:05:55,907 - INFO - Amazon在庫あり: Apple iPhone 16 Pro Max (512 G... (B0DGJBMY85)
2025-04-06 06:05:55,907 - INFO - Amazon以外の販売元のため対象外: GIGABYTE NVIDIA RTX5070Ti 搭載 グ... (B0DXVJLW28) - 販売元: yosifukushop
2025-04-06 06:05:55,907 - INFO - Amazon以外の販売元のため対象外: ZOTAC GAMING GeForce RTX 5070 ... (B0DXTZLS9C) - 販売元: yosifukushop
2025-04-06 06:05:55,907 - INFO - Amazon在庫あり: Apple iPhone 16 Plus (512 GB) ... (B0DGJ3QSGC)
2025-04-06 06:05:55,907 - INFO - Amazon在庫あり: ASUS RTX5070 搭載 ビデオカード PCIe 5.... (B0DZ62D3MP)
2025-04-06 06:05:55,907 - INFO - Amazon以外の販売元のため対象外: Apple iPhone 16 (512 GB) - ホワイ... (B0DGHYJRSB) - 販売元: 不明
2025-04-06 06:05:55,907 - INFO - Amazon在庫あり: Apple iPhone 16 (512 GB) - ピンク... (B0DGJ8MR3X)
2025-04-06 06:05:55,907 - INFO - Amazon以外の販売元のため対象外: Apple iPhone 16 (512 GB) - ブラッ... (B0DGHYNDT7) - 販売元: 不明
2025-04-06 06:05:55,907 - INFO - Amazon在庫あり: Apple iPhone 16 (512 GB) - ティー... (B0DGHVX1PD)
2025-04-06 06:05:55,907 - INFO - Amazon在庫あり: Apple iPhone 16 (512 GB) - ウルト... (B0DGHYNDT9)
2025-04-06 06:05:55,907 - INFO - Amazon在庫あり: Apple iPhone 16 Pro (128 GB) -... (B0DGJ8RK9X)
2025-04-06 06:05:55,907 - INFO - Amazon在庫あり: Apple iPhone 16 Pro (128 GB) -... (B0DGJ6B4MS)
2025-04-06 06:05:55,907 - INFO - Amazon以外の販売元のため対象外: Apple iPhone 16 Pro (128 GB) -... (B0DGJ8XY8J) - 販売元: 不明
2025-04-06 06:05:55,907 - INFO - Amazon在庫あり: Apple iPhone 16 Pro (128 GB) -... (B0DGJC8DP9)
2025-04-06 06:05:55,907 - INFO - Amazon在庫あり: ASUS RTX5070 搭載 ビデオカード PCIe 5.... (B0DZ619GJ8)
2025-04-06 06:05:55,907 - INFO - Amazon以外の販売元のため対象外: SAPPHIRE NITRO+ Radeon RX 9070... (B0DRPQPQQC) - 販売元: trippodoshop
2025-04-06 06:05:55,907 - INFO - Amazon以外の販売元のため対象外: ASUS AMD Radeon RX9070XT 搭載 ビデ... (B0DZBXKDJV) - 販売元: B&T(国内発送,すり替え対策済,English OK)
2025-04-06 06:05:55,907 - INFO - Amazon以外の販売元のため対象外: SAPPHIRE PULSE Radeon RX 9070 ... (B0DRPRZMK2) - 販売元: B&T(国内発送,すり替え対策済,English OK)
2025-04-06 06:05:55,907 - INFO - Amazon在庫あり: iPhone 16e 512GB: Apple Intell... (B0DXS47DPV)
2025-04-06 06:05:55,907 - INFO - Amazon在庫あり: MSI GeForce RTX 5070 12G GAMIN... (B0DX7GSX7B)
2025-04-06 06:05:55,907 - INFO - Amazon在庫あり: Apple iPhone 16 Plus (128 GB) ... (B0DGJ8DP89)
2025-04-06 06:05:55,907 - INFO - Amazon在庫あり: Apple iPhone 16 Plus (128 GB) ... (B0DGJ6BK8C)
2025-04-06 06:05:55,907 - INFO - Amazon在庫あり: Apple iPhone 16 Plus (128 GB) ... (B0DGJ5ZGXT)
2025-04-06 06:05:55,907 - INFO - Amazon在庫あり: Apple iPhone 16 (256 GB) - ホワイ... (B0DGJD1P8Q)
2025-04-06 06:05:55,907 - INFO - Amazon在庫あり: Apple iPhone 16 (256 GB) - ピンク... (B0DGJCZDX1)
2025-04-06 06:05:55,907 - INFO - Amazon在庫あり: Apple iPhone 16 (256 GB) - ウルト... (B0DGJBMMCV)
2025-04-06 06:05:55,907 - INFO - Amazon以外の販売元のため対象外: ASUS AMD Radeon RX9070 搭載 ビデオカ... (B0DZBRCV9G) - 販売元: yosifukushop
2025-04-06 06:05:55,907 - INFO - Amazon在庫あり: ZOTAC GAMING GeForce RTX 5070 ... (B0DYSFPXF6)
2025-04-06 06:05:55,907 - INFO - Amazon在庫あり: Apple iPhone 16 (128 GB) - ピンク... (B0DGJBY82G)
2025-04-06 06:05:55,907 - INFO - Amazon以外の販売元のため対象外: Powercolor Radeon RX9070 搭載 グラ... (B0CWCTSC1M) - 販売元: 天満市場ECモール本店（インボイス対応済み）
2025-04-06 06:05:55,908 - INFO - Amazon在庫あり: iPhone 16e 256GB: Apple Intell... (B0DXRXWJ3Z)
2025-04-06 06:05:55,908 - INFO - Amazon在庫あり: iPhone 16e 256GB: Apple Intell... (B0DXSHNYGW)
2025-04-06 06:05:55,908 - INFO - Amazon以外の販売元のため対象外: SAPPHIRE PULSE Radeon RX 9070 ... (B0DZBP4NMT) - 販売元: B&T(国内発送,すり替え対策済,English OK)
2025-04-06 06:05:55,908 - INFO - Amazon在庫あり: iPhone 16e 128GB: Apple Intell... (B0DXSF1BXJ)
2025-04-06 06:05:55,908 - INFO - Amazon在庫あり: iPhone 16e 128GB: Apple Intell... (B0DXRH32TF)
2025-04-06 06:05:55,908 - INFO - Amazon以外の販売元のため対象外: PlayStation 5 "モンスターハンターワイルズ" ... (B0DTHQ428K) - 販売元: Online Store COMACHI
2025-04-06 06:05:55,908 - INFO - Amazon以外の販売元のため対象外: PlayStation 5 デジタル・エディション "モンス... (B0DTHR5JDB) - 販売元: ナンモ店
2025-04-06 06:05:55,908 - INFO - Amazon以外の販売元のため対象外: TAMASHII NATIONS METAL BUILD 機... (B0DJ2DJHJ7) - 販売元: ハグ・ベア【盗難多発の為、置配対応不可】【※抜取、すり替え対策実施中！】
2025-04-06 06:05:55,908 - INFO - Amazon在庫あり: シグマ(Sigma) レンズ 30mm F1.4 DC DN... (B01C3SCKI6)
2025-04-06 06:05:55,908 - INFO - Amazon以外の販売元のため対象外: TAMASHII NATIONS Tamashii Art ... (B0DYSH7P7K) - 販売元: first step ts
2025-04-06 06:05:55,908 - INFO - Amazon以外の販売元のため対象外: 富士フイルム(FUJIFILM) インスタントカメラ チェキ... (B0D7Z4541Q) - 販売元: hit-market  あなたの欲しいにヒットする
2025-04-06 06:05:55,908 - INFO - Amazon以外の販売元のため対象外: TAMASHII NATIONS METAL ROBOT魂 ... (B0DMZX1QFL) - 販売元: ホビーショップまるさんかくしかく
2025-04-06 06:05:55,908 - INFO - Amazon以外の販売元のため対象外: 【任天堂純正品】ニンテンドーサウンドクロック Alarmo ... (B0DZXC4BB3) - 販売元: SHOW’S SHOP
2025-04-06 06:05:55,908 - INFO - Amazon以外の販売元のため対象外: TAMASHII NATIONS S.H.フィギュアーツ（真... (B0DYSPNZXF) - 販売元: 翠星商店
2025-04-06 06:05:55,908 - INFO - Amazon以外の販売元のため対象外: [バンダイ(BANDAI)] Tamagotchi Conn... (B0DVFML7T3) - 販売元: 太陽コーポレーション《12時までの注文で当日出荷。自己都合返品は往復送料を頂きます。》
2025-04-06 06:05:55,908 - INFO - Amazon以外の販売元のため対象外: Google グーグル GA01919-JP [Chrome... (B0B1DJB527) - 販売元: マーケットランド大阪支店
2025-04-06 06:05:55,908 - INFO - Amazon以外の販売元のため対象外: ポケモンカードゲーム スカーレット＆バイオレット 拡張パック... (B0CXD5Y18N) - 販売元: lollol公式ショップ 商標番号 第6483883号 適格請求書番号あり
2025-04-06 06:05:55,908 - INFO - Amazon以外の販売元のため対象外: [バンダイ(BANDAI)] Tamagotchi Conn... (B0DVFX1Y56) - 販売元: ギフト.
2025-04-06 06:05:55,908 - INFO - Amazon以外の販売元のため対象外: [バンダイ(BANDAI)] Tamagotchi Conn... (B0DVG8G5VN) - 販売元: トイスタジアム（土日祝日はお休みです/プライム商品は毎営業日発送可能!!）
2025-04-06 06:05:55,908 - INFO - Amazon以外の販売元のため対象外: [バンダイ(BANDAI)] Tamagotchi Conn... (B0DVG2WC4V) - 販売元: 山中電機 【適格請求書発行事業者】
2025-04-06 06:05:55,908 - INFO - Amazon以外の販売元のため対象外: バンダイ (BANDAI) ONE PIECEカードゲーム ... (B0D46M9DHD) - 販売元: SHOP-TOTO
2025-04-06 06:05:55,908 - INFO - Amazon以外の販売元のため対象外: 竹鶴ピュアモルト [ ウイスキー 日本 700ml ]... (B0842WLDHW) - 販売元: 洋酒専門店 サケコレ
2025-04-06 06:05:55,908 - INFO - Amazon在庫あり: instax 富士フイルム(FUJIFILM) インスタント... (B07D2DVX6D)
2025-04-06 06:05:55,908 - INFO - Amazon以外の販売元のため対象外: 富士フイルム(FUJIFILM) インスタントカメラ チェキ... (B07D2H99P5) - 販売元: Obowang shop
2025-04-06 06:05:55,909 - INFO - Amazon以外の販売元のため対象外: MSI GeForce RTX 5070 12G VENTU... (B0DZWSVB5F) - 販売元: 【当日出荷】14時決済完了分（日除く）【販売一丁目】
2025-04-06 06:05:55,909 - INFO - Amazonが販売する商品のみに絞り込み: 2件
2025-04-06 06:05:55,909 - INFO - 合計 2件の割引商品が見つかりました
2025-04-06 06:05:55,910 - INFO - 検索結果を asin_results.json に保存しました
2025-04-06 06:05:55,910 - INFO - 投稿する商品があるため、Twitterクライアントを初期化します
2025-04-06 06:05:55,963 - ERROR - Twitter認証テストエラー: 401 Unauthorized
Unauthorized
2025-04-06 06:05:55,964 - WARNING - Twitterクライアントの初期化に失敗しました
2025-04-06 06:05:55,964 - INFO - Amazon在庫商品 5件を投稿します
2025-04-06 06:05:55,964 - INFO - Amazon在庫商品 1/5 を投稿: GAINWARD RTX 5070 PHOENIX 12GB...
2025-04-06 06:05:55,964 - INFO - Threads認証: 長期アクセストークンを使用します
2025-04-06 06:05:55,964 - INFO - Threads投稿: ステップ1 - コンテナID作成中...（通知タイプ: instock）
2025-04-06 06:05:59,936 - INFO - Threads投稿: コンテナID取得成功: 17863698930373232
2025-04-06 06:05:59,937 - INFO - Threads投稿: ステップ2 - 投稿公開中...
2025-04-06 06:06:08,778 - INFO - Threadsに投稿しました: GAINWARD RTX 5070 PHOENIX 12GB...
2025-04-06 06:06:08,779 - INFO - Threads投稿結果(在庫): 成功
2025-04-06 06:06:13,784 - INFO - Amazon在庫商品 2/5 を投稿: MSI GeForce RTX 5080 16G VANGU...
2025-04-06 06:06:13,784 - INFO - Threads認証: 長期アクセストークンを使用します
2025-04-06 06:06:13,784 - INFO - Threads投稿: ステップ1 - コンテナID作成中...（通知タイプ: instock）
2025-04-06 06:06:16,464 - INFO - Threads投稿: コンテナID取得成功: 17889778629217844
2025-04-06 06:06:16,464 - INFO - Threads投稿: ステップ2 - 投稿公開中...
2025-04-06 06:06:24,859 - INFO - Threadsに投稿しました: MSI GeForce RTX 5080 16G VANGU...
2025-04-06 06:06:24,860 - INFO - Threads投稿結果(在庫): 成功
2025-04-06 06:06:29,865 - INFO - Amazon在庫商品 3/5 を投稿: PNY GeFORCE RTX 5080 16GB Over...
2025-04-06 06:06:29,865 - INFO - Threads認証: 長期アクセストークンを使用します
2025-04-06 06:06:29,865 - INFO - Threads投稿: ステップ1 - コンテナID作成中...（通知タイプ: instock）
2025-04-06 06:06:32,939 - INFO - Threads投稿: コンテナID取得成功: 17912231219998531
2025-04-06 06:06:32,939 - INFO - Threads投稿: ステップ2 - 投稿公開中...
2025-04-06 06:06:41,479 - INFO - Threadsに投稿しました: PNY GeFORCE RTX 5080 16GB Over...
2025-04-06 06:06:41,479 - INFO - Threads投稿結果(在庫): 成功
2025-04-06 06:06:46,484 - INFO - Amazon在庫商品 4/5 を投稿: GIGABYTE NVIDIA RTX5080 搭載 グラフ...
2025-04-06 06:06:46,484 - INFO - Threads認証: 長期アクセストークンを使用します
2025-04-06 06:06:46,484 - INFO - Threads投稿: ステップ1 - コンテナID作成中...（通知タイプ: instock）
2025-04-06 06:06:49,309 - INFO - Threads投稿: コンテナID取得成功: 18494262340006531
2025-04-06 06:06:49,309 - INFO - Threads投稿: ステップ2 - 投稿公開中...
2025-04-06 06:06:57,031 - INFO - Threadsに投稿しました: GIGABYTE NVIDIA RTX5080 搭載 グラフ...
2025-04-06 06:06:57,031 - INFO - Threads投稿結果(在庫): 成功
2025-04-06 06:07:02,036 - INFO - Amazon在庫商品 5/5 を投稿: GIGABYTE NVIDIA RTX5080 搭載 グラフ...
2025-04-06 06:07:02,037 - INFO - Threads認証: 長期アクセストークンを使用します
2025-04-06 06:07:02,037 - INFO - Threads投稿: ステップ1 - コンテナID作成中...（通知タイプ: instock）
2025-04-06 06:07:04,759 - INFO - Threads投稿: コンテナID取得成功: 17929326276042665
2025-04-06 06:07:04,759 - INFO - Threads投稿: ステップ2 - 投稿公開中...
2025-04-06 06:07:13,074 - INFO - Threadsに投稿しました: GIGABYTE NVIDIA RTX5080 搭載 グラフ...
2025-04-06 06:07:13,074 - INFO - Threads投稿結果(在庫): 成功
2025-04-06 06:07:18,079 - INFO - 割引商品 2件を投稿します
2025-04-06 06:07:18,080 - INFO - 割引商品 1/2 を投稿: MSI GeForce RTX 5070 12G GAMIN...
2025-04-06 06:07:18,080 - INFO - Threads認証: 長期アクセストークンを使用します
2025-04-06 06:07:18,080 - INFO - Threads投稿: ステップ1 - コンテナID作成中...（通知タイプ: discount）
2025-04-06 06:07:20,938 - INFO - Threads投稿: コンテナID取得成功: 18065648698939334
2025-04-06 06:07:20,938 - INFO - Threads投稿: ステップ2 - 投稿公開中...
2025-04-06 06:07:29,576 - INFO - Threadsに投稿しました: MSI GeForce RTX 5070 12G GAMIN...
2025-04-06 06:07:29,577 - INFO - Threads投稿結果(割引): 成功
2025-04-06 06:07:34,582 - INFO - 割引商品 2/2 を投稿: シグマ(Sigma) レンズ 30mm F1.4 DC DN...
2025-04-06 06:07:34,582 - INFO - Threads認証: 長期アクセストークンを使用します
2025-04-06 06:07:34,582 - INFO - Threads投稿: ステップ1 - コンテナID作成中...（通知タイプ: discount）
2025-04-06 06:07:37,445 - INFO - Threads投稿: コンテナID取得成功: 17919440960962740
2025-04-06 06:07:37,445 - INFO - Threads投稿: ステップ2 - 投稿公開中...
2025-04-06 06:07:43,608 - INFO - Threadsに投稿しました: シグマ(Sigma) レンズ 30mm F1.4 DC DN...
2025-04-06 06:07:43,609 - INFO - Threads投稿結果(割引): 成功
2025-04-06 06:07:48,614 - INFO - ==== 処理が完了しました ====
2025-04-06 06:12:39,731 - INFO - ==== Amazon ASIN Tracker 実行開始 ====
2025-04-06 06:12:39,732 - INFO - 実行時刻: 2025-04-06 06:12:39
2025-04-06 06:12:39,732 - INFO - 環境変数を読み込みました
2025-04-06 06:12:39,732 - INFO - Amazon PA-API認証情報チェック:
2025-04-06 06:12:39,732 - INFO -   PA_API_KEY: 設定済み
2025-04-06 06:12:39,732 - INFO -   PA_API_SECRET: 設定済み
2025-04-06 06:12:39,732 - INFO -   PARTNER_TAG: 設定済み
2025-04-06 06:12:39,732 - INFO -   PA-API利用準備: OK
2025-04-06 06:12:39,732 - INFO - Twitter API認証情報チェック:
2025-04-06 06:12:39,732 - INFO -   Twitter API利用準備: OK
2025-04-06 06:12:39,732 - INFO - Threads API認証情報チェック:
2025-04-06 06:12:39,732 - INFO -   Threads API利用準備: OK
2025-04-06 06:12:39,732 - INFO - 必要なファイルの確認:
2025-04-06 06:12:39,733 - INFO -   tracking_asins.json: 存在します
2025-04-06 06:12:39,733 - INFO -   asin_results.json: 存在します
2025-04-06 06:12:39,734 - INFO - 最小割引率: 5%
2025-04-06 06:12:39,734 - INFO - 追跡ASIN数: 73
2025-04-06 06:12:39,734 - INFO - 商品情報取得中... ASIN: B0BSN426TP, B0DYS9QRGT, B0DX6FT5MM, B0DT6SN14V, B0DXNFMZWJ, B0DT6RMFLK, B0DN63QJ4V, B0DTY4H1CB, B0DQGB8FTQ, B0BSLJ52ZF
2025-04-06 06:12:46,417 - INFO - 商品情報取得中... ASIN: B0DTJFZ4YS, B0DVSLLCDH, B0DT9YQ2Q1, B0BSN9VR7K, B0DVSMG4Z2, B0DN5HJ1ZF, B0DN5SQJSC, B0DYMVWMX4, B0DGJBMY85, B0DXVJLW28
2025-04-06 06:12:52,851 - INFO - 商品情報取得中... ASIN: B0DXTZLS9C, B0DGJ3QSGC, B0DZ62D3MP, B0DGHYJRSB, B0DGJ8MR3X, B0DGHYNDT7, B0DGHVX1PD, B0DGHYNDT9, B0DGJ8RK9X, B0DGJ6B4MS
2025-04-06 06:12:59,310 - INFO - 商品情報取得中... ASIN: B0DGJ8XY8J, B0DGJC8DP9, B0DZ619GJ8, B0DRPQPQQC, B0DZBXKDJV, B0DRPRZMK2, B0DXS47DPV, B0DX7GSX7B, B0DGJ8DP89, B0DGJ6BK8C
2025-04-06 06:13:05,716 - INFO - 商品情報取得中... ASIN: B0DGJ5ZGXT, B0DGJD1P8Q, B0DGJCZDX1, B0DGJBMMCV, B0DZBRCV9G, B0DYSFPXF6, B0DGJBY82G, B0CWCTSC1M, B0DXRXWJ3Z, B0DXSHNYGW
2025-04-06 06:13:12,194 - INFO - 商品情報取得中... ASIN: B0DZBP4NMT, B0DXSF1BXJ, B0DXRH32TF, B0DTHQ428K, B0DTHR5JDB, B0DJ2DJHJ7, B01C3SCKI6, B0DYSH7P7K, B0D7Z4541Q, B0DMZX1QFL
2025-04-06 06:13:18,686 - INFO - 商品情報取得中... ASIN: B0DZXC4BB3, B0DYSPNZXF, B0DVFML7T3, B0B1DJB527, B0CXD5Y18N, B0DVFX1Y56, B0DVG8G5VN, B0DVG2WC4V, B0D46M9DHD, B0842WLDHW
2025-04-06 06:13:25,401 - INFO - 商品情報取得中... ASIN: B07D2DVX6D, B07D2H99P5, B0DZWSVB5F
2025-04-06 06:13:28,742 - INFO - Amazon以外の販売元のため対象外: MSI GeForce RTX 5090 32G SUPRI... (B0BSN426TP) - 販売元: B&T(国内発送,すり替え対策済,English OK)
2025-04-06 06:13:28,742 - INFO - Amazon在庫あり: GAINWARD RTX 5070 PHOENIX 12GB... (B0DYS9QRGT)
2025-04-06 06:13:28,742 - INFO - Amazon以外の販売元のため対象外: ASUS NVIDIA GeForce RTX 5070Ti... (B0DX6FT5MM) - 販売元: MDCY STORE（すり替え対策・古物商認可・適格請求書発行事業）
2025-04-06 06:13:28,742 - INFO - Amazon以外の販売元のため対象外: MSI GeForce RTX 5090 32G SUPRI... (B0DT6SN14V) - 販売元: 不明
2025-04-06 06:13:28,742 - INFO - Amazon以外の販売元のため対象外: ASUS NVIDIA GeForce RTX 5090 ビ... (B0DXNFMZWJ) - 販売元: yosifukushop
2025-04-06 06:13:28,743 - INFO - Amazon以外の販売元のため対象外: MSI GeForce RTX 5090 32G VANGU... (B0DT6RMFLK) - 販売元: 久我山商店
2025-04-06 06:13:28,743 - INFO - Amazon以外の販売元のため対象外: ASUS NVIDIA GeForce RTX 5080 ビ... (B0DN63QJ4V) - 販売元: B&T(国内発送,すり替え対策済,English OK)
2025-04-06 06:13:28,743 - INFO - Amazon以外の販売元のため対象外: ASUS NVIDIA GeForce RTX 5080 ビ... (B0DTY4H1CB) - 販売元: でんでんマーケット(インボイス登録済)
2025-04-06 06:13:28,743 - INFO - Amazon以外の販売元のため対象外: MSI GeForce RTX 5080 16G GAMIN... (B0DQGB8FTQ) - 販売元: TOYストア【インボイス番号登録済み】
2025-04-06 06:13:28,743 - INFO - Amazon在庫あり: MSI GeForce RTX 5080 16G VANGU... (B0BSLJ52ZF)
2025-04-06 06:13:28,743 - INFO - Amazon在庫あり: PNY GeFORCE RTX 5080 16GB Over... (B0DTJFZ4YS)
2025-04-06 06:13:28,743 - INFO - Amazon在庫あり: GIGABYTE NVIDIA RTX5080 搭載 グラフ... (B0DVSLLCDH)
2025-04-06 06:13:28,743 - INFO - Amazon以外の販売元のため対象外: Gigabyte AORUS GeForce RTX 508... (B0DT9YQ2Q1) - 販売元: Value Market Tokyo
2025-04-06 06:13:28,743 - INFO - Amazon以外の販売元のため対象外: MSI GeForce RTX 5080 16G VENTU... (B0BSN9VR7K) - 販売元: B&T(国内発送,すり替え対策済,English OK)
2025-04-06 06:13:28,743 - INFO - Amazon在庫あり: GIGABYTE NVIDIA RTX5080 搭載 グラフ... (B0DVSMG4Z2)
2025-04-06 06:13:28,743 - INFO - Amazon在庫あり: Apple iPhone 16 Pro Max (512 G... (B0DN5HJ1ZF)
2025-04-06 06:13:28,743 - INFO - Amazon在庫あり: Apple iPhone 16 Pro Max (512 G... (B0DN5SQJSC)
2025-04-06 06:13:28,743 - INFO - Amazon以外の販売元のため対象外: ZOTAC GAMING GeForce RTX 5080 ... (B0DYMVWMX4) - 販売元: すーショップ
2025-04-06 06:13:28,743 - INFO - Amazon在庫あり: Apple iPhone 16 Pro Max (512 G... (B0DGJBMY85)
2025-04-06 06:13:28,744 - INFO - Amazon以外の販売元のため対象外: GIGABYTE NVIDIA RTX5070Ti 搭載 グ... (B0DXVJLW28) - 販売元: yosifukushop
2025-04-06 06:13:28,744 - INFO - Amazon以外の販売元のため対象外: ZOTAC GAMING GeForce RTX 5070 ... (B0DXTZLS9C) - 販売元: yosifukushop
2025-04-06 06:13:28,744 - INFO - Amazon在庫あり: Apple iPhone 16 Plus (512 GB) ... (B0DGJ3QSGC)
2025-04-06 06:13:28,744 - INFO - Amazon在庫あり: ASUS RTX5070 搭載 ビデオカード PCIe 5.... (B0DZ62D3MP)
2025-04-06 06:13:28,744 - INFO - Amazon以外の販売元のため対象外: Apple iPhone 16 (512 GB) - ホワイ... (B0DGHYJRSB) - 販売元: 不明
2025-04-06 06:13:28,744 - INFO - Amazon在庫あり: Apple iPhone 16 (512 GB) - ピンク... (B0DGJ8MR3X)
2025-04-06 06:13:28,744 - INFO - Amazon以外の販売元のため対象外: Apple iPhone 16 (512 GB) - ブラッ... (B0DGHYNDT7) - 販売元: 不明
2025-04-06 06:13:28,744 - INFO - Amazon在庫あり: Apple iPhone 16 (512 GB) - ティー... (B0DGHVX1PD)
2025-04-06 06:13:28,744 - INFO - Amazon在庫あり: Apple iPhone 16 (512 GB) - ウルト... (B0DGHYNDT9)
2025-04-06 06:13:28,744 - INFO - Amazon在庫あり: Apple iPhone 16 Pro (128 GB) -... (B0DGJ8RK9X)
2025-04-06 06:13:28,744 - INFO - Amazon在庫あり: Apple iPhone 16 Pro (128 GB) -... (B0DGJ6B4MS)
2025-04-06 06:13:28,744 - INFO - Amazon以外の販売元のため対象外: Apple iPhone 16 Pro (128 GB) -... (B0DGJ8XY8J) - 販売元: 不明
2025-04-06 06:13:28,744 - INFO - Amazon在庫あり: Apple iPhone 16 Pro (128 GB) -... (B0DGJC8DP9)
2025-04-06 06:13:28,744 - INFO - Amazon在庫あり: ASUS RTX5070 搭載 ビデオカード PCIe 5.... (B0DZ619GJ8)
2025-04-06 06:13:28,744 - INFO - Amazon以外の販売元のため対象外: SAPPHIRE NITRO+ Radeon RX 9070... (B0DRPQPQQC) - 販売元: trippodoshop
2025-04-06 06:13:28,744 - INFO - Amazon以外の販売元のため対象外: ASUS AMD Radeon RX9070XT 搭載 ビデ... (B0DZBXKDJV) - 販売元: B&T(国内発送,すり替え対策済,English OK)
2025-04-06 06:13:28,744 - INFO - Amazon以外の販売元のため対象外: SAPPHIRE PULSE Radeon RX 9070 ... (B0DRPRZMK2) - 販売元: B&T(国内発送,すり替え対策済,English OK)
2025-04-06 06:13:28,745 - INFO - Amazon在庫あり: iPhone 16e 512GB: Apple Intell... (B0DXS47DPV)
2025-04-06 06:13:28,745 - INFO - Amazon在庫あり: MSI GeForce RTX 5070 12G GAMIN... (B0DX7GSX7B)
2025-04-06 06:13:28,745 - INFO - Amazon在庫あり: Apple iPhone 16 Plus (128 GB) ... (B0DGJ8DP89)
2025-04-06 06:13:28,745 - INFO - Amazon在庫あり: Apple iPhone 16 Plus (128 GB) ... (B0DGJ6BK8C)
2025-04-06 06:13:28,745 - INFO - Amazon在庫あり: Apple iPhone 16 Plus (128 GB) ... (B0DGJ5ZGXT)
2025-04-06 06:13:28,745 - INFO - Amazon在庫あり: Apple iPhone 16 (256 GB) - ホワイ... (B0DGJD1P8Q)
2025-04-06 06:13:28,745 - INFO - Amazon在庫あり: Apple iPhone 16 (256 GB) - ピンク... (B0DGJCZDX1)
2025-04-06 06:13:28,745 - INFO - Amazon在庫あり: Apple iPhone 16 (256 GB) - ウルト... (B0DGJBMMCV)
2025-04-06 06:13:28,745 - INFO - Amazon以外の販売元のため対象外: ASUS AMD Radeon RX9070 搭載 ビデオカ... (B0DZBRCV9G) - 販売元: yosifukushop
2025-04-06 06:13:28,745 - INFO - Amazon在庫あり: ZOTAC GAMING GeForce RTX 5070 ... (B0DYSFPXF6)
2025-04-06 06:13:28,745 - INFO - Amazon在庫あり: Apple iPhone 16 (128 GB) - ピンク... (B0DGJBY82G)
2025-04-06 06:13:28,745 - INFO - Amazon以外の販売元のため対象外: Powercolor Radeon RX9070 搭載 グラ... (B0CWCTSC1M) - 販売元: 天満市場ECモール本店（インボイス対応済み）
2025-04-06 06:13:28,745 - INFO - Amazon在庫あり: iPhone 16e 256GB: Apple Intell... (B0DXRXWJ3Z)
2025-04-06 06:13:28,745 - INFO - Amazon在庫あり: iPhone 16e 256GB: Apple Intell... (B0DXSHNYGW)
2025-04-06 06:13:28,746 - INFO - Amazon以外の販売元のため対象外: SAPPHIRE PULSE Radeon RX 9070 ... (B0DZBP4NMT) - 販売元: B&T(国内発送,すり替え対策済,English OK)
2025-04-06 06:13:28,746 - INFO - Amazon在庫あり: iPhone 16e 128GB: Apple Intell... (B0DXSF1BXJ)
2025-04-06 06:13:28,746 - INFO - Amazon在庫あり: iPhone 16e 128GB: Apple Intell... (B0DXRH32TF)
2025-04-06 06:13:28,746 - INFO - Amazon以外の販売元のため対象外: PlayStation 5 "モンスターハンターワイルズ" ... (B0DTHQ428K) - 販売元: Online Store COMACHI
2025-04-06 06:13:28,746 - INFO - Amazon以外の販売元のため対象外: PlayStation 5 デジタル・エディション "モンス... (B0DTHR5JDB) - 販売元: ナンモ店
2025-04-06 06:13:28,746 - INFO - Amazon以外の販売元のため対象外: TAMASHII NATIONS METAL BUILD 機... (B0DJ2DJHJ7) - 販売元: KATSUストアー
2025-04-06 06:13:28,746 - INFO - Amazon在庫あり: シグマ(Sigma) レンズ 30mm F1.4 DC DN... (B01C3SCKI6)
2025-04-06 06:13:28,746 - INFO - Amazon以外の販売元のため対象外: TAMASHII NATIONS Tamashii Art ... (B0DYSH7P7K) - 販売元: first step ts
2025-04-06 06:13:28,746 - INFO - Amazon以外の販売元のため対象外: 富士フイルム(FUJIFILM) インスタントカメラ チェキ... (B0D7Z4541Q) - 販売元: hit-market  あなたの欲しいにヒットする
2025-04-06 06:13:28,746 - INFO - Amazon以外の販売元のため対象外: TAMASHII NATIONS METAL ROBOT魂 ... (B0DMZX1QFL) - 販売元: ホビーショップまるさんかくしかく
2025-04-06 06:13:28,746 - INFO - Amazon以外の販売元のため対象外: 【任天堂純正品】ニンテンドーサウンドクロック Alarmo ... (B0DZXC4BB3) - 販売元: SHOW’S SHOP
2025-04-06 06:13:28,746 - INFO - Amazon以外の販売元のため対象外: TAMASHII NATIONS S.H.フィギュアーツ（真... (B0DYSPNZXF) - 販売元: 翠星商店
2025-04-06 06:13:28,746 - INFO - Amazon以外の販売元のため対象外: [バンダイ(BANDAI)] Tamagotchi Conn... (B0DVFML7T3) - 販売元: 太陽コーポレーション《12時までの注文で当日出荷。自己都合返品は往復送料を頂きます。》
2025-04-06 06:13:28,746 - INFO - Amazon以外の販売元のため対象外: Google グーグル GA01919-JP [Chrome... (B0B1DJB527) - 販売元: マーケットランド大阪支店
2025-04-06 06:13:28,746 - INFO - Amazon以外の販売元のため対象外: ポケモンカードゲーム スカーレット＆バイオレット 拡張パック... (B0CXD5Y18N) - 販売元: lollol公式ショップ 商標番号 第6483883号 適格請求書番号あり
2025-04-06 06:13:28,747 - INFO - Amazon以外の販売元のため対象外: [バンダイ(BANDAI)] Tamagotchi Conn... (B0DVFX1Y56) - 販売元: ギフト.
2025-04-06 06:13:28,747 - INFO - Amazon以外の販売元のため対象外: [バンダイ(BANDAI)] Tamagotchi Conn... (B0DVG8G5VN) - 販売元: トイスタジアム（土日祝日はお休みです/プライム商品は毎営業日発送可能!!）
2025-04-06 06:13:28,747 - INFO - Amazon以外の販売元のため対象外: [バンダイ(BANDAI)] Tamagotchi Conn... (B0DVG2WC4V) - 販売元: 山中電機 【適格請求書発行事業者】
2025-04-06 06:13:28,747 - INFO - Amazon以外の販売元のため対象外: バンダイ (BANDAI) ONE PIECEカードゲーム ... (B0D46M9DHD) - 販売元: SHOP-TOTO
2025-04-06 06:13:28,747 - INFO - Amazon以外の販売元のため対象外: 竹鶴ピュアモルト [ ウイスキー 日本 700ml ]... (B0842WLDHW) - 販売元: 洋酒専門店 サケコレ
2025-04-06 06:13:28,747 - INFO - Amazon在庫あり: instax 富士フイルム(FUJIFILM) インスタント... (B07D2DVX6D)
2025-04-06 06:13:28,747 - INFO - Amazon以外の販売元のため対象外: 富士フイルム(FUJIFILM) インスタントカメラ チェキ... (B07D2H99P5) - 販売元: 有限会社オザキ
2025-04-06 06:13:28,747 - INFO - Amazon以外の販売元のため対象外: MSI GeForce RTX 5070 12G VENTU... (B0DZWSVB5F) - 販売元: 【当日出荷】14時決済完了分（日除く）【販売一丁目】
2025-04-06 06:13:28,747 - INFO - Amazonが販売する商品のみに絞り込み: 2件
2025-04-06 06:13:28,747 - INFO - 合計 2件の割引商品が見つかりました
2025-04-06 06:13:28,748 - INFO - 検索結果を asin_results.json に保存しました
2025-04-06 06:13:28,748 - INFO - 投稿する商品があるため、Twitterクライアントを初期化します
2025-04-06 06:13:28,866 - INFO - Twitter API v2認証成功: @zaikochecker
2025-04-06 06:13:28,866 - INFO - Twitterクライアントを初期化しました
2025-04-06 06:13:28,866 - INFO - Amazon在庫商品 5件を投稿します
2025-04-06 06:13:28,866 - INFO - Amazon在庫商品 1/5 を投稿: GAINWARD RTX 5070 PHOENIX 12GB...
2025-04-06 06:13:28,944 - ERROR - TweepyエラーでX投稿に失敗: 403 Forbidden
You are not permitted to perform this action.
2025-04-06 06:13:34,026 - ERROR - TweepyエラーでX投稿に失敗: 403 Forbidden
You are not permitted to perform this action.
2025-04-06 06:13:39,116 - ERROR - TweepyエラーでX投稿に失敗: 403 Forbidden
You are not permitted to perform this action.
2025-04-06 06:13:39,116 - INFO - Twitter投稿結果(在庫): 失敗
2025-04-06 06:13:39,116 - INFO - Threads認証: 長期アクセストークンを使用します
2025-04-06 06:13:39,116 - INFO - Threads投稿: ステップ1 - コンテナID作成中...（通知タイプ: instock）
2025-04-06 06:13:44,455 - INFO - Threads投稿: コンテナID取得成功: 17969660798732225
2025-04-06 06:13:44,455 - INFO - Threads投稿: ステップ2 - 投稿公開中...
2025-04-06 06:13:47,843 - INFO - Threadsに投稿しました: GAINWARD RTX 5070 PHOENIX 12GB...
2025-04-06 06:13:47,844 - INFO - Threads投稿結果(在庫): 成功
2025-04-06 06:13:52,845 - INFO - Amazon在庫商品 2/5 を投稿: MSI GeForce RTX 5080 16G VANGU...
2025-04-06 06:13:53,031 - INFO - Xに投稿しました: ID=1908765080134500535 MSI GeForce RTX 5080 16G VANGU...
2025-04-06 06:13:53,031 - INFO - Twitter投稿結果(在庫): 成功
2025-04-06 06:13:53,031 - INFO - Threads認証: 長期アクセストークンを使用します
2025-04-06 06:13:53,031 - INFO - Threads投稿: ステップ1 - コンテナID作成中...（通知タイプ: instock）
2025-04-06 06:13:55,671 - INFO - Threads投稿: コンテナID取得成功: 18260997832302234
2025-04-06 06:13:55,671 - INFO - Threads投稿: ステップ2 - 投稿公開中...
2025-04-06 06:14:03,529 - INFO - Threadsに投稿しました: MSI GeForce RTX 5080 16G VANGU...
2025-04-06 06:14:03,529 - INFO - Threads投稿結果(在庫): 成功
2025-04-06 06:14:08,534 - INFO - Amazon在庫商品 3/5 を投稿: PNY GeFORCE RTX 5080 16GB Over...
2025-04-06 06:14:08,722 - INFO - Xに投稿しました: ID=1908765145951613298 PNY GeFORCE RTX 5080 16GB Over...
2025-04-06 06:14:08,722 - INFO - Twitter投稿結果(在庫): 成功
2025-04-06 06:14:08,722 - INFO - Threads認証: 長期アクセストークンを使用します
2025-04-06 06:14:08,722 - INFO - Threads投稿: ステップ1 - コンテナID作成中...（通知タイプ: instock）
2025-04-06 06:14:11,502 - INFO - Threads投稿: コンテナID取得成功: 18097103665533999
2025-04-06 06:14:11,502 - INFO - Threads投稿: ステップ2 - 投稿公開中...
2025-04-06 06:14:18,702 - INFO - Threadsに投稿しました: PNY GeFORCE RTX 5080 16GB Over...
2025-04-06 06:14:18,703 - INFO - Threads投稿結果(在庫): 成功
2025-04-06 06:14:23,708 - INFO - Amazon在庫商品 4/5 を投稿: GIGABYTE NVIDIA RTX5080 搭載 グラフ...
2025-04-06 06:14:23,891 - INFO - Xに投稿しました: ID=1908765209587577194 GIGABYTE NVIDIA RTX5080 搭載 グラフ...
2025-04-06 06:14:23,891 - INFO - Twitter投稿結果(在庫): 成功
2025-04-06 06:14:23,891 - INFO - Threads認証: 長期アクセストークンを使用します
2025-04-06 06:14:23,892 - INFO - Threads投稿: ステップ1 - コンテナID作成中...（通知タイプ: instock）
2025-04-06 06:14:28,598 - INFO - Threads投稿: コンテナID取得成功: 18042723452161414
2025-04-06 06:14:28,598 - INFO - Threads投稿: ステップ2 - 投稿公開中...
2025-04-06 06:14:31,482 - INFO - Threadsに投稿しました: GIGABYTE NVIDIA RTX5080 搭載 グラフ...
2025-04-06 06:14:31,483 - INFO - Threads投稿結果(在庫): 成功
2025-04-06 06:14:36,488 - INFO - Amazon在庫商品 5/5 を投稿: GIGABYTE NVIDIA RTX5080 搭載 グラフ...
2025-04-06 06:14:36,671 - INFO - Xに投稿しました: ID=1908765263186587722 GIGABYTE NVIDIA RTX5080 搭載 グラフ...
2025-04-06 06:14:36,671 - INFO - Twitter投稿結果(在庫): 成功
2025-04-06 06:14:36,671 - INFO - Threads認証: 長期アクセストークンを使用します
2025-04-06 06:14:36,671 - INFO - Threads投稿: ステップ1 - コンテナID作成中...（通知タイプ: instock）
2025-04-06 06:14:39,213 - INFO - Threads投稿: コンテナID取得成功: 18081596281638967
2025-04-06 06:14:39,213 - INFO - Threads投稿: ステップ2 - 投稿公開中...
2025-04-06 06:14:44,823 - INFO - Threadsに投稿しました: GIGABYTE NVIDIA RTX5080 搭載 グラフ...
2025-04-06 06:14:44,823 - INFO - Threads投稿結果(在庫): 成功
2025-04-06 06:14:49,829 - INFO - 割引商品 2件を投稿します
2025-04-06 06:14:49,829 - INFO - 割引商品 1/2 を投稿: MSI GeForce RTX 5070 12G GAMIN...
2025-04-06 06:14:50,014 - INFO - Xに投稿しました: ID=1908765319151141283 MSI GeForce RTX 5070 12G GAMIN...
2025-04-06 06:14:50,014 - INFO - Twitter投稿結果(割引): 成功
2025-04-06 06:14:50,014 - INFO - Threads認証: 長期アクセストークンを使用します
2025-04-06 06:14:50,015 - INFO - Threads投稿: ステップ1 - コンテナID作成中...（通知タイプ: discount）
2025-04-06 06:14:52,664 - INFO - Threads投稿: コンテナID取得成功: 18020925800680348
2025-04-06 06:14:52,664 - INFO - Threads投稿: ステップ2 - 投稿公開中...
2025-04-06 06:14:57,844 - INFO - Threadsに投稿しました: MSI GeForce RTX 5070 12G GAMIN...
2025-04-06 06:14:57,844 - INFO - Threads投稿結果(割引): 成功
2025-04-06 06:15:02,849 - INFO - 割引商品 2/2 を投稿: シグマ(Sigma) レンズ 30mm F1.4 DC DN...
2025-04-06 06:15:03,042 - INFO - Xに投稿しました: ID=1908765373752619176 シグマ(Sigma) レンズ 30mm F1.4 DC DN...
2025-04-06 06:15:03,042 - INFO - Twitter投稿結果(割引): 成功
2025-04-06 06:15:03,042 - INFO - Threads認証: 長期アクセストークンを使用します
2025-04-06 06:15:03,042 - INFO - Threads投稿: ステップ1 - コンテナID作成中...（通知タイプ: discount）
2025-04-06 06:15:05,711 - INFO - Threads投稿: コンテナID取得成功: 18062674889051093
2025-04-06 06:15:05,711 - INFO - Threads投稿: ステップ2 - 投稿公開中...
2025-04-06 06:15:11,247 - INFO - Threadsに投稿しました: シグマ(Sigma) レンズ 30mm F1.4 DC DN...
2025-04-06 06:15:11,247 - INFO - Threads投稿結果(割引): 成功
2025-04-06 06:15:16,252 - INFO - ==== 処理が完了しました ====
